
Community.S01E04.720p.5.1Ch.Web-DL.ReEnc-DeeJayAhmed.mkv

Community.S01E06.720p.5.1Ch.Web-DL.ReEnc-DeeJayAhmed.mkv

Community.S01E01.720p.5.1Ch.Web-DL.ReEnc-DeeJayAhmed.mkv

Community.S01E03.720p.5.1Ch.Web-DL.ReEnc-DeeJayAhmed.mkv

Community.S01E02.720p.5.1Ch.Web-DL.ReEnc-DeeJayAhmed.mkv

Community.S01E05.720p.5.1Ch.Web-DL.ReEnc-DeeJayAhmed.mkv

Community.S01E08.720p.5.1Ch.Web-DL.ReEnc-DeeJayAhmed.mkv

Community.S01E09.720p.5.1Ch.Web-DL.ReEnc-DeeJayAhmed.mkv

Community.S01E07.720p.5.1Ch.Web-DL.ReEnc-DeeJayAhmed.mkv

Community.S01E11.720p.5.1Ch.Web-DL.ReEnc-DeeJayAhmed.mkv

Community.S01E10.720p.5.1Ch.Web-DL.ReEnc-DeeJayAhmed.mkv

Community.S01E12.720p.5.1Ch.Web-DL.ReEnc-DeeJayAhmed.mkv

Community.S01E13.720p.5.1Ch.Web-DL.ReEnc-DeeJayAhmed.mkv

Community.S01E15.720p.5.1Ch.Web-DL.ReEnc-DeeJayAhmed.mkv

Community.S01E14.720p.5.1Ch.Web-DL.ReEnc-DeeJayAhmed.mkv

Community.S01E17.720p.5.1Ch.Web-DL.ReEnc-DeeJayAhmed.mkv

Community.S01E16.720p.5.1Ch.Web-DL.ReEnc-DeeJayAhmed.mkv

Community.S01E18.720p.5.1Ch.Web-DL.ReEnc-DeeJayAhmed.mkv

Community.S01E19.720p.5.1Ch.Web-DL.ReEnc-DeeJayAhmed.mkv

Community.S01E21.720p.5.1Ch.Web-DL.ReEnc-DeeJayAhmed.mkv

Community.S01E23.720p.5.1Ch.Web-DL.ReEnc-DeeJayAhmed.mkv

Community.S01E20.720p.5.1Ch.Web-DL.ReEnc-DeeJayAhmed.mkv

Community.S01E22.720p.5.1Ch.Web-DL.ReEnc-DeeJayAhmed.mkv

Community.S01E24.720p.5.1Ch.Web-DL.ReEnc-DeeJayAhmed.mkv

Community.S01E25.720p.5.1Ch.Web-DL.ReEnc-DeeJayAhmed.mkv

Community.S

Community.S

Community.S

Community.S

errors

Community.S

Community.S

Community.S

Community.S

Community.S

Community.S

Community.S

Community.S

Community.S

Community.S

Community.S

Community.S

Community.S

Community.S

Community.S

Community.S

Community.S

Community.S

Community.S

Community.S

Community.S

Community.S01E04.720p.5.1Ch.Web-DL.ReEnc-DeeJayAhmed.mkv

Community.S01E05.720p.5.1Ch.Web-DL.ReEnc-DeeJayAhmed.mkv

Community.S01E06.720p.5.1Ch.Web-DL.ReEnc-DeeJayAhmed.mkv

Community.S01E03.720p.5.1Ch.Web-DL.ReEnc-DeeJayAhmed.mkv

Community.S01E01.720p.5.1Ch.Web-DL.ReEnc-DeeJayAhmed.mkv

Community.S01E02.720p.5.1Ch.Web-DL.ReEnc-DeeJayAhmed.mkv

Community.S01E08.720p.5.1Ch.Web-DL.ReEnc-DeeJayAhmed.mkv

Community.S01E07.720p.5.1Ch.Web-DL.ReEnc-DeeJayAhmed.mkv

Community.S01E09.720p.5.1Ch.Web-DL.ReEnc-DeeJayAhmed.mkv

Community.S01E10.720p.5.1Ch.Web-DL.ReEnc-DeeJayAhmed.mkv

Community.S01E11.720p.5.1Ch.Web-DL.ReEnc-DeeJayAhmed.mkv

Community.S01E12.720p.5.1Ch.Web-DL.ReEnc-DeeJayAhmed.mkv

Community.S01E13.720p.5.1Ch.Web-DL.ReEnc-DeeJayAhmed.mkv

Community.S01E15.720p.5.1Ch.Web-DL.ReEnc-DeeJayAhmed.mkv

Community.S01E14.720p.5.1Ch.Web-DL.ReEnc-DeeJayAhmed.mkv

Community.S01E16.720p.5.1Ch.Web-DL.ReEnc-DeeJayAhmed.mkv

Community.S01E17.720p.5.1Ch.Web-DL.ReEnc-DeeJayAhmed.mkv

Community.S01E18.720p.5.1Ch.Web-DL.ReEnc-DeeJayAhmed.mkv

Community.S01E19.720p.5.1Ch.Web-DL.ReEnc-DeeJayAhmed.mkv

Community.S01E20.720p.5.1Ch.Web-DL.ReEnc-DeeJayAhmed.mkv

Community.S01E21.720p.5.1Ch.Web-DL.ReEnc-DeeJayAhmed.mkv

Community.S01E22.720p.5.1Ch.Web-DL.ReEnc-DeeJayAhmed.mkv

Community.S01E23.720p.5.1Ch.Web-DL.ReEnc-DeeJayAhmed.mkv

Community.S01E24.720p.5.1Ch.Web-DL.ReEnc-DeeJayAhmed.mkv

errors

Community.S

Community.S01E25.720p.5.1Ch.Web-DL.ReEnc-DeeJayAhmed.mkv

Community.S

Community.S

Community.S

Community.S

Community.S

Community.S

Community.S

Community.S

Community.S

Community.S

Community.S

Community.S

Community.S

Community.S

Community.S

Community.S

Community.S

Community.S

Community.S

Community.S

Community.S

Community.S

Community.S

Community.S

Community.S01E02.720p.5.1Ch.Web-DL.ReEnc-DeeJayAhmed.mkv

Community.S01E01.720p.5.1Ch.Web-DL.ReEnc-DeeJayAhmed.mkv

Community.S01E03.720p.5.1Ch.Web-DL.ReEnc-DeeJayAhmed.mkv

Community.S01E04.720p.5.1Ch.Web-DL.ReEnc-DeeJayAhmed.mkv

Community.S01E07.720p.5.1Ch.Web-DL.ReEnc-DeeJayAhmed.mkv

Community.S01E06.720p.5.1Ch.Web-DL.ReEnc-DeeJayAhmed.mkv

Community.S01E05.720p.5.1Ch.Web-DL.ReEnc-DeeJayAhmed.mkv

Community.S01E08.720p.5.1Ch.Web-DL.ReEnc-DeeJayAhmed.mkv

Community.S01E10.720p.5.1Ch.Web-DL.ReEnc-DeeJayAhmed.mkv

Community.S01E09.720p.5.1Ch.Web-DL.ReEnc-DeeJayAhmed.mkv

Community.S01E11.720p.5.1Ch.Web-DL.ReEnc-DeeJayAhmed.mkv

Community.S01E13.720p.5.1Ch.Web-DL.ReEnc-DeeJayAhmed.mkv

Community.S01E14.720p.5.1Ch.Web-DL.ReEnc-DeeJayAhmed.mkv

Community.S01E12.720p.5.1Ch.Web-DL.ReEnc-DeeJayAhmed.mkv

Community.S01E16.720p.5.1Ch.Web-DL.ReEnc-DeeJayAhmed.mkv

Community.S01E15.720p.5.1Ch.Web-DL.ReEnc-DeeJayAhmed.mkv

Community.S01E17.720p.5.1Ch.Web-DL.ReEnc-DeeJayAhmed.mkv

Community.S01E18.720p.5.1Ch.Web-DL.ReEnc-DeeJayAhmed.mkv

Community.S01E19.720p.5.1Ch.Web-DL.ReEnc-DeeJayAhmed.mkv

Community.S01E20.720p.5.1Ch.Web-DL.ReEnc-DeeJayAhmed.mkv

Community.S01E21.720p.5.1Ch.Web-DL.ReEnc-DeeJayAhmed.mkv

Community.S01E22.720p.5.1Ch.Web-DL.ReEnc-DeeJayAhmed.mkv

Community.S01E23.720p.5.1Ch.Web-DL.ReEnc-DeeJayAhmed.mkv

Community.S01E24.720p.5.1Ch.Web-DL.ReEnc-DeeJayAhmed.mkv

Community.S01E25.720p.5.1Ch.Web-DL.ReEnc-DeeJayAhmed.mkv

errors

Community.S

Community.S

Community.S

Community.S

Community.S

Community.S

Community.S

Community.S

Community.S

Community.S

Community.S

Community.S

Community.S

Community.S

Community.S

Community.S

Community.S

Community.S

Community.S

Community.S

Community.S01E01.720p.5.1Ch.Web-DL.ReEnc-DeeJayAhmed.mkv

Community.S01E02.720p.5.1Ch.Web-DL.ReEnc-DeeJayAhmed.mkv

Community.S01E04.720p.5.1Ch.Web-DL.ReEnc-DeeJayAhmed.mkv

Community.S01E06.720p.5.1Ch.Web-DL.ReEnc-DeeJayAhmed.mkv

Community.S01E07.720p.5.1Ch.Web-DL.ReEnc-DeeJayAhmed.mkv

Community.S01E05.720p.5.1Ch.Web-DL.ReEnc-DeeJayAhmed.mkv

Community.S01E03.720p.5.1Ch.Web-DL.ReEnc-DeeJayAhmed.mkv

Community.S01E08.720p.5.1Ch.Web-DL.ReEnc-DeeJayAhmed.mkv

Community.S01E09.720p.5.1Ch.Web-DL.ReEnc-DeeJayAhmed.mkv

Community.S01E12.720p.5.1Ch.Web-DL.ReEnc-DeeJayAhmed.mkv

Community.S01E10.720p.5.1Ch.Web-DL.ReEnc-DeeJayAhmed.mkv

Community.S01E11.720p.5.1Ch.Web-DL.ReEnc-DeeJayAhmed.mkv

Community.S01E14.720p.5.1Ch.Web-DL.ReEnc-DeeJayAhmed.mkv

Community.S01E13.720p.5.1Ch.Web-DL.ReEnc-DeeJayAhmed.mkv

Community.S01E16.720p.5.1Ch.Web-DL.ReEnc-DeeJayAhmed.mkv

Community.S01E15.720p.5.1Ch.Web-DL.ReEnc-DeeJayAhmed.mkv

Community.S01E18.720p.5.1Ch.Web-DL.ReEnc-DeeJayAhmed.mkv

Community.S01E17.720p.5.1Ch.Web-DL.ReEnc-DeeJayAhmed.mkv

Community.S01E19.720p.5.1Ch.Web-DL.ReEnc-DeeJayAhmed.mkv

Community.S01E20.720p.5.1Ch.Web-DL.ReEnc-DeeJayAhmed.mkv

Community.S01E22.720p.5.1Ch.Web-DL.ReEnc-DeeJayAhmed.mkv

Community.S01E24.720p.5.1Ch.Web-DL.ReEnc-DeeJayAhmed.mkv

Community.S01E23.720p.5.1Ch.Web-DL.ReEnc-DeeJayAhmed.mkv

Community.S01E21.720p.5.1Ch.Web-DL.ReEnc-DeeJayAhmed.mkv

errors

Community.S01E25.720p.5.1Ch.Web-DL.ReEnc-DeeJayAhmed.mkv

Community.S

Community.S

Community.S

Community.S

Community.S

Community.S

Community.S

Community.S

Community.S

Community.S

Community.S

Community.S

Community.S

Community.S

Community.S

Community.S

Community.S

Community.S

Community.S

Community.S

Community.S

Community.S

Community.S

Community.S

Community.S

Community.S01E02.720p.5.1Ch.Web-DL.ReEnc-DeeJayAhmed.mkv

Community.S01E01.720p.5.1Ch.Web-DL.ReEnc-DeeJayAhmed.mkv

Community.S01E03.720p.5.1Ch.Web-DL.ReEnc-DeeJayAhmed.mkv

Community.S01E05.720p.5.1Ch.Web-DL.ReEnc-DeeJayAhmed.mkv

Community.S01E06.720p.5.1Ch.Web-DL.ReEnc-DeeJayAhmed.mkv

Community.S01E04.720p.5.1Ch.Web-DL.ReEnc-DeeJayAhmed.mkv

Community.S01E07.720p.5.1Ch.Web-DL.ReEnc-DeeJayAhmed.mkv

Community.S01E08.720p.5.1Ch.Web-DL.ReEnc-DeeJayAhmed.mkv

Community.S01E09.720p.5.1Ch.Web-DL.ReEnc-DeeJayAhmed.mkv

Community.S01E10.720p.5.1Ch.Web-DL.ReEnc-DeeJayAhmed.mkv

Community.S01E13.720p.5.1Ch.Web-DL.ReEnc-DeeJayAhmed.mkv

Community.S01E14.720p.5.1Ch.Web-DL.ReEnc-DeeJayAhmed.mkv

Community.S01E12.720p.5.1Ch.Web-DL.ReEnc-DeeJayAhmed.mkv

Community.S01E16.720p.5.1Ch.Web-DL.ReEnc-DeeJayAhmed.mkv

Community.S01E15.720p.5.1Ch.Web-DL.ReEnc-DeeJayAhmed.mkv

Community.S01E11.720p.5.1Ch.Web-DL.ReEnc-DeeJayAhmed.mkv

Community.S01E18.720p.5.1Ch.Web-DL.ReEnc-DeeJayAhmed.mkv

Community.S01E19.720p.5.1Ch.Web-DL.ReEnc-DeeJayAhmed.mkv

Community.S01E21.720p.5.1Ch.Web-DL.ReEnc-DeeJayAhmed.mkv

Community.S01E20.720p.5.1Ch.Web-DL.ReEnc-DeeJayAhmed.mkv

Community.S01E17.720p.5.1Ch.Web-DL.ReEnc-DeeJayAhmed.mkv

Community.S01E22.720p.5.1Ch.Web-DL.ReEnc-DeeJayAhmed.mkv

Community.S01E25.720p.5.1Ch.Web-DL.ReEnc-DeeJayAhmed.mkv

Community.S

errors

Community.S01E23.720p.5.1Ch.Web-DL.ReEnc-DeeJayAhmed.mkv

Community.S01E24.720p.5.1Ch.Web-DL.ReEnc-DeeJayAhmed.mkv

Community.S

Community.S

Community.S

Community.S

Community.S

Community.S

Community.S

Community.S

Community.S

Community.S

Community.S

Community.S

Community.S

Community.S

Community.S

Community.S

Community.S

Community.S

Community.S

Community.S

Community.S

Community.S

Community.S

Community.S

Community.S01E01.720p.5.1Ch.Web-DL.ReEnc-DeeJayAhmed.mkv

Community.S01E04.720p.5.1Ch.Web-DL.ReEnc-DeeJayAhmed.mkv

Community.S01E03.720p.5.1Ch.Web-DL.ReEnc-DeeJayAhmed.mkv

Community.S01E05.720p.5.1Ch.Web-DL.ReEnc-DeeJayAhmed.mkv

Community.S01E02.720p.5.1Ch.Web-DL.ReEnc-DeeJayAhmed.mkv

Community.S01E06.720p.5.1Ch.Web-DL.ReEnc-DeeJayAhmed.mkv

Community.S01E11.720p.5.1Ch.Web-DL.ReEnc-DeeJayAhmed.mkv

Community.S01E07.720p.5.1Ch.Web-DL.ReEnc-DeeJayAhmed.mkv

Community.S01E08.720p.5.1Ch.Web-DL.ReEnc-DeeJayAhmed.mkv

Community.S01E10.720p.5.1Ch.Web-DL.ReEnc-DeeJayAhmed.mkv

Community.S01E09.720p.5.1Ch.Web-DL.ReEnc-DeeJayAhmed.mkv

Community.S01E12.720p.5.1Ch.Web-DL.ReEnc-DeeJayAhmed.mkv

Community.S01E14.720p.5.1Ch.Web-DL.ReEnc-DeeJayAhmed.mkv

Community.S01E13.720p.5.1Ch.Web-DL.ReEnc-DeeJayAhmed.mkv

Community.S01E15.720p.5.1Ch.Web-DL.ReEnc-DeeJayAhmed.mkv

Community.S01E17.720p.5.1Ch.Web-DL.ReEnc-DeeJayAhmed.mkv

Community.S01E18.720p.5.1Ch.Web-DL.ReEnc-DeeJayAhmed.mkv

Community.S01E16.720p.5.1Ch.Web-DL.ReEnc-DeeJayAhmed.mkv

Community.S01E19.720p.5.1Ch.Web-DL.ReEnc-DeeJayAhmed.mkv

Community.S01E21.720p.5.1Ch.Web-DL.ReEnc-DeeJayAhmed.mkv

Community.S01E20.720p.5.1Ch.Web-DL.ReEnc-DeeJayAhmed.mkv

Community.S01E22.720p.5.1Ch.Web-DL.ReEnc-DeeJayAhmed.mkv

Community.S01E23.720p.5.1Ch.Web-DL.ReEnc-DeeJayAhmed.mkv

Community.S01E24.720p.5.1Ch.Web-DL.ReEnc-DeeJayAhmed.mkv

Community.S

Community.S01E25.720p.5.1Ch.Web-DL.ReEnc-DeeJayAhmed.mkv

errors

Community.S

Community.S

Community.S

Community.S

Community.S

Community.S

Community.S

Community.S

Community.S

Community.S

Community.S

Community.S

Community.S

Community.S

Community.S

Community.S

Community.S

Community.S

Community.S

Community.S

Community.S

Community.S

Community.S

Community.S

Community.S01E01.720p.5.1Ch.Web-DL.ReEnc-DeeJayAhmed.mkv

Community.S01E02.720p.5.1Ch.Web-DL.ReEnc-DeeJayAhmed.mkv

Community.S01E03.720p.5.1Ch.Web-DL.ReEnc-DeeJayAhmed.mkv

Community.S01E04.720p.5.1Ch.Web-DL.ReEnc-DeeJayAhmed.mkv

Community.S01E06.720p.5.1Ch.Web-DL.ReEnc-DeeJayAhmed.mkv

Community.S01E05.720p.5.1Ch.Web-DL.ReEnc-DeeJayAhmed.mkv

Community.S01E07.720p.5.1Ch.Web-DL.ReEnc-DeeJayAhmed.mkv

Community.S01E08.720p.5.1Ch.Web-DL.ReEnc-DeeJayAhmed.mkv

Community.S01E10.720p.5.1Ch.Web-DL.ReEnc-DeeJayAhmed.mkv

Community.S01E09.720p.5.1Ch.Web-DL.ReEnc-DeeJayAhmed.mkv

Community.S01E11.720p.5.1Ch.Web-DL.ReEnc-DeeJayAhmed.mkv

Community.S01E12.720p.5.1Ch.Web-DL.ReEnc-DeeJayAhmed.mkv

Community.S01E13.720p.5.1Ch.Web-DL.ReEnc-DeeJayAhmed.mkv

Community.S01E14.720p.5.1Ch.Web-DL.ReEnc-DeeJayAhmed.mkv

Community.S01E15.720p.5.1Ch.Web-DL.ReEnc-DeeJayAhmed.mkv

Community.S01E17.720p.5.1Ch.Web-DL.ReEnc-DeeJayAhmed.mkv

Community.S01E16.720p.5.1Ch.Web-DL.ReEnc-DeeJayAhmed.mkv

Community.S01E18.720p.5.1Ch.Web-DL.ReEnc-DeeJayAhmed.mkv

Community.S01E19.720p.5.1Ch.Web-DL.ReEnc-DeeJayAhmed.mkv

Community.S01E20.720p.5.1Ch.Web-DL.ReEnc-DeeJayAhmed.mkv

Community.S01E22.720p.5.1Ch.Web-DL.ReEnc-DeeJayAhmed.mkv

Community.S01E21.720p.5.1Ch.Web-DL.ReEnc-DeeJayAhmed.mkv

Community.S01E23.720p.5.1Ch.Web-DL.ReEnc-DeeJayAhmed.mkv

Community.S01E24.720p.5.1Ch.Web-DL.ReEnc-DeeJayAhmed.mkv

Community.S01E25.720p.5.1Ch.Web-DL.ReEnc-DeeJayAhmed.mkv

Community.S

Community.S

errors

Community.S

Community.S

Community.S

Community.S

Community.S

Community.S

Community.S

Community.S

Community.S

Community.S

Community.S

Community.S

Community.S

Community.S

Community.S

Community.S

Community.S

Community.S

Community.S

Community.S

Community.S

Community.S

Community.S

Fateful Findings.m4v

Empire.Records.1995.720p.BluRay.x264.YIFY.mp4

Avengers.Endgame.2019.1080p.BluRay.x264-[YTS.LT].mp4

Her.2013.1080p.BluRay.x264-SPARKS.mkv

Call Me by Your Name

Baby Driver

Hot.Fuzz.2007.1080p.BRrip.x264.GAZ.YIFY.mp4

Maximum Overdrive(1986)[DVDrip]-Spectrael.avi

Moonlight 2016 1080p BluRay x264 DTS-JYK.mkv

Moonrise Kingdom

Requiem.For.A.Dream.2000.DC.1080p.BluRay.x264.anoXmous_.mp4

Scooby-Doo.2.Monsters.Unleashed.2004.1080p.BluRay.x264-[YTS.AM].mp4

Shaun.of.the.Dead.2004.BluRay.1080p.x264.AAC.5.1.-.Hon3y.mkv

Strangers.on.a.Train.1951.1080p.BrRip.X264.YIFY.mp4

The LEGO Movie

The.Exorcist.1973.1080p.BrRip.x264.bitloks.YIFY.mp4

The Simpsons Movie

The World's End

The.Grand.Budapest.Hotel.2014.1080p.BluRay.x264.YIFY.mp4

The.Night.Of.The.Hunter.1955.1080p.BluRay.x264-[YTS.AM].mp4

TwistedPair.2019.H264.720p.mkv

Empire.Records.

Avengers.Endgame.

Hot.Fuzz.

Maximum Overdrive(

Her.

Moonlight 

Requiem.For.A.Dream.

Scooby-Doo.

Shaun.of.the.Dead.

Strangers.on.a.Train.

The.Exorcist.

The.Night.Of.The.Hunter.

TwistedPair.

The.Grand.Budapest.Hotel.

Avengers.Endgame.2019.1080p.BluRay.x264-[YTS.LT].mp4

Baby Driver

Fateful Findings.m4v

Her.2013.1080p.BluRay.x264-SPARKS.mkv

Empire.Records.1995.720p.BluRay.x264.YIFY.mp4

Call Me by Your Name

Maximum Overdrive(1986)[DVDrip]-Spectrael.avi

Hot.Fuzz.2007.1080p.BRrip.x264.GAZ.YIFY.mp4

Moonrise Kingdom

Moonlight 2016 1080p BluRay x264 DTS-JYK.mkv

Requiem.For.A.Dream.2000.DC.1080p.BluRay.x264.anoXmous_.mp4

Scooby Doo 2

Shaun.of.the.Dead.2004.BluRay.1080p.x264.AAC.5.1.-.Hon3y.mkv

Strangers.on.a.Train.1951.1080p.BrRip.X264.YIFY.mp4

The LEGO Movie

The Simpsons Movie

The World's End

The.Exorcist.1973.1080p.BrRip.x264.bitloks.YIFY.mp4

The.Night.Of.The.Hunter.1955.1080p.BluRay.x264-[YTS.AM].mp4

The.Grand.Budapest.Hotel.2014.1080p.BluRay.x264.YIFY.mp4

Avengers.Endgame.

TwistedPair.2019.H264.720p.mkv

Empire.Records.

Her.

Hot.Fuzz.

Maximum Overdrive(

Moonlight 

Requiem.For.A.Dream.

Shaun.of.the.Dead.

Strangers.on.a.Train.

The.Exorcist.

The.Night.Of.The.Hunter.

The.Grand.Budapest.Hotel.

TwistedPair.

Baby Driver

Avengers.Endgame.2019.1080p.BluRay.x264-[YTS.LT].mp4

Call Me by Your Name

Fateful Findings.m4v

Empire.Records.1995.720p.BluRay.x264.YIFY.mp4

Her.2013.1080p.BluRay.x264-SPARKS.mkv

Maximum Overdrive(1986)[DVDrip]-Spectrael.avi

Moonrise Kingdom

Moonlight 2016 1080p BluRay x264 DTS-JYK.mkv

Hot.Fuzz.2007.1080p.BRrip.x264.GAZ.YIFY.mp4

Requiem.For.A.Dream.2000.DC.1080p.BluRay.x264.anoXmous_.mp4

Scooby Doo 2

Shaun.of.the.Dead.2004.BluRay.1080p.x264.AAC.5.1.-.Hon3y.mkv

Strangers.on.a.Train.1951.1080p.BrRip.X264.YIFY.mp4

The LEGO Movie

The World's End

The Simpsons Movie

The.Exorcist.1973.1080p.BrRip.x264.bitloks.YIFY.mp4

The.Grand.Budapest.Hotel.2014.1080p.BluRay.x264.YIFY.mp4

TwistedPair.2019.H264.720p.mkv

The.Night.Of.The.Hunter.1955.1080p.BluRay.x264-[YTS.AM].mp4

Avengers.Endgame.

Empire.Records.

Her.

Maximum Overdrive(

Moonlight 

Requiem.For.A.Dream.

Hot.Fuzz.

Shaun.of.the.Dead.

Strangers.on.a.Train.

The.Exorcist.

The.Grand.Budapest.Hotel.

TwistedPair.

The.Night.Of.The.Hunter.

Community.S01E01.720p.5.1Ch.Web-DL.ReEnc-DeeJayAhmed.mkv

Community.S01E02.720p.5.1Ch.Web-DL.ReEnc-DeeJayAhmed.mkv

Community.S01E04.720p.5.1Ch.Web-DL.ReEnc-DeeJayAhmed.mkv

Community.S01E06.720p.5.1Ch.Web-DL.ReEnc-DeeJayAhmed.mkv

Community.S01E03.720p.5.1Ch.Web-DL.ReEnc-DeeJayAhmed.mkv

Community.S01E05.720p.5.1Ch.Web-DL.ReEnc-DeeJayAhmed.mkv

Community.S01E08.720p.5.1Ch.Web-DL.ReEnc-DeeJayAhmed.mkv

Community.S01E09.720p.5.1Ch.Web-DL.ReEnc-DeeJayAhmed.mkv

Community.S01E07.720p.5.1Ch.Web-DL.ReEnc-DeeJayAhmed.mkv

Community.S01E11.720p.5.1Ch.Web-DL.ReEnc-DeeJayAhmed.mkv

Community.S01E12.720p.5.1Ch.Web-DL.ReEnc-DeeJayAhmed.mkv

Community.S01E10.720p.5.1Ch.Web-DL.ReEnc-DeeJayAhmed.mkv

Community.S01E14.720p.5.1Ch.Web-DL.ReEnc-DeeJayAhmed.mkv

Community.S01E16.720p.5.1Ch.Web-DL.ReEnc-DeeJayAhmed.mkv

Community.S01E17.720p.5.1Ch.Web-DL.ReEnc-DeeJayAhmed.mkv

Community.S01E13.720p.5.1Ch.Web-DL.ReEnc-DeeJayAhmed.mkv

Community.S01E15.720p.5.1Ch.Web-DL.ReEnc-DeeJayAhmed.mkv

Community.S01E18.720p.5.1Ch.Web-DL.ReEnc-DeeJayAhmed.mkv

Community.S01E19.720p.5.1Ch.Web-DL.ReEnc-DeeJayAhmed.mkv

Community.S01E21.720p.5.1Ch.Web-DL.ReEnc-DeeJayAhmed.mkv

Community.S01E20.720p.5.1Ch.Web-DL.ReEnc-DeeJayAhmed.mkv

Community.S01E22.720p.5.1Ch.Web-DL.ReEnc-DeeJayAhmed.mkv

Community.S01E23.720p.5.1Ch.Web-DL.ReEnc-DeeJayAhmed.mkv

Community.S01E24.720p.5.1Ch.Web-DL.ReEnc-DeeJayAhmed.mkv

errors

Community.S

Community.S01E25.720p.5.1Ch.Web-DL.ReEnc-DeeJayAhmed.mkv

Community.S

Community.S

Community.S

Community.S

Community.S

Community.S

Community.S

Community.S

Community.S

Community.S

Community.S

Community.S

Community.S

Community.S

Community.S

Community.S

Community.S

Community.S

Community.S

Community.S

Community.S

Community.S

Community.S

Community.S

Community.S01E02.720p.5.1Ch.Web-DL.ReEnc-DeeJayAhmed.mkv

Community.S01E06.720p.5.1Ch.Web-DL.ReEnc-DeeJayAhmed.mkv

Community.S01E03.720p.5.1Ch.Web-DL.ReEnc-DeeJayAhmed.mkv

Community.S01E01.720p.5.1Ch.Web-DL.ReEnc-DeeJayAhmed.mkv

Community.S01E04.720p.5.1Ch.Web-DL.ReEnc-DeeJayAhmed.mkv

Community.S01E05.720p.5.1Ch.Web-DL.ReEnc-DeeJayAhmed.mkv

Community.S01E07.720p.5.1Ch.Web-DL.ReEnc-DeeJayAhmed.mkv

Community.S01E09.720p.5.1Ch.Web-DL.ReEnc-DeeJayAhmed.mkv

Community.S01E08.720p.5.1Ch.Web-DL.ReEnc-DeeJayAhmed.mkv

Community.S01E10.720p.5.1Ch.Web-DL.ReEnc-DeeJayAhmed.mkv

Community.S01E11.720p.5.1Ch.Web-DL.ReEnc-DeeJayAhmed.mkv

Community.S01E12.720p.5.1Ch.Web-DL.ReEnc-DeeJayAhmed.mkv

Community.S01E14.720p.5.1Ch.Web-DL.ReEnc-DeeJayAhmed.mkv

Community.S01E13.720p.5.1Ch.Web-DL.ReEnc-DeeJayAhmed.mkv

Community.S01E15.720p.5.1Ch.Web-DL.ReEnc-DeeJayAhmed.mkv

Community.S01E17.720p.5.1Ch.Web-DL.ReEnc-DeeJayAhmed.mkv

Community.S01E16.720p.5.1Ch.Web-DL.ReEnc-DeeJayAhmed.mkv

Community.S01E18.720p.5.1Ch.Web-DL.ReEnc-DeeJayAhmed.mkv

Community.S01E21.720p.5.1Ch.Web-DL.ReEnc-DeeJayAhmed.mkv

Community.S01E19.720p.5.1Ch.Web-DL.ReEnc-DeeJayAhmed.mkv

Community.S01E23.720p.5.1Ch.Web-DL.ReEnc-DeeJayAhmed.mkv

Community.S01E20.720p.5.1Ch.Web-DL.ReEnc-DeeJayAhmed.mkv

Community.S01E22.720p.5.1Ch.Web-DL.ReEnc-DeeJayAhmed.mkv

Community.S01E24.720p.5.1Ch.Web-DL.ReEnc-DeeJayAhmed.mkv

Community.S

Community.S

Community.S01E25.720p.5.1Ch.Web-DL.ReEnc-DeeJayAhmed.mkv

Community.S

Community.S

Community.S

Community.S

Community.S

Community.S

Community.S

Community.S

Community.S

Community.S

Community.S

Community.S

Community.S

Community.S

Community.S

Community.S

Community.S

Community.S

Community.S

Community.S

Community.S

Community.S

Community.S

Community.S01E04.720p.5.1Ch.Web-DL.ReEnc-DeeJayAhmed.mkv

Community.S01E03.720p.5.1Ch.Web-DL.ReEnc-DeeJayAhmed.mkv

Community.S01E06.720p.5.1Ch.Web-DL.ReEnc-DeeJayAhmed.mkv

Community.S01E02.720p.5.1Ch.Web-DL.ReEnc-DeeJayAhmed.mkv

Community.S01E05.720p.5.1Ch.Web-DL.ReEnc-DeeJayAhmed.mkv

Community.S01E07.720p.5.1Ch.Web-DL.ReEnc-DeeJayAhmed.mkv

Community.S01E11.720p.5.1Ch.Web-DL.ReEnc-DeeJayAhmed.mkv

Community.S01E09.720p.5.1Ch.Web-DL.ReEnc-DeeJayAhmed.mkv

Community.S01E10.720p.5.1Ch.Web-DL.ReEnc-DeeJayAhmed.mkv

Community.S01E08.720p.5.1Ch.Web-DL.ReEnc-DeeJayAhmed.mkv

Community.S01E01.720p.5.1Ch.Web-DL.ReEnc-DeeJayAhmed.mkv

Community.S01E12.720p.5.1Ch.Web-DL.ReEnc-DeeJayAhmed.mkv

Community.S01E17.720p.5.1Ch.Web-DL.ReEnc-DeeJayAhmed.mkv

Community.S01E13.720p.5.1Ch.Web-DL.ReEnc-DeeJayAhmed.mkv

Community.S01E14.720p.5.1Ch.Web-DL.ReEnc-DeeJayAhmed.mkv

Community.S01E15.720p.5.1Ch.Web-DL.ReEnc-DeeJayAhmed.mkv

Community.S01E16.720p.5.1Ch.Web-DL.ReEnc-DeeJayAhmed.mkv

Community.S01E18.720p.5.1Ch.Web-DL.ReEnc-DeeJayAhmed.mkv

Community.S01E20.720p.5.1Ch.Web-DL.ReEnc-DeeJayAhmed.mkv

Community.S01E19.720p.5.1Ch.Web-DL.ReEnc-DeeJayAhmed.mkv

Community.S01E21.720p.5.1Ch.Web-DL.ReEnc-DeeJayAhmed.mkv

Community.S01E22.720p.5.1Ch.Web-DL.ReEnc-DeeJayAhmed.mkv

Community.S01E23.720p.5.1Ch.Web-DL.ReEnc-DeeJayAhmed.mkv

Community.S01E24.720p.5.1Ch.Web-DL.ReEnc-DeeJayAhmed.mkv

Community.S

Community.S01E25.720p.5.1Ch.Web-DL.ReEnc-DeeJayAhmed.mkv

Community.S

Community.S

Community.S

Community.S

Community.S

Community.S

Community.S

Community.S

Community.S

Community.S

Community.S

Community.S

Community.S

Community.S

Community.S

Community.S

Community.S

Community.S

Community.S

Community.S

Community.S

Community.S

Community.S

Community.S

